0 info it worked if it ends with ok
1 verbose cli [ '/Users/cjhuang/.nvm/v0.10.36/bin/node',
1 verbose cli   '/Users/cjhuang/.nvm/v0.10.36/bin/npm',
1 verbose cli   'run',
1 verbose cli   'lint' ]
2 info using npm@1.4.28
3 info using node@v0.10.36
4 verbose run-script [ 'prelint', 'lint', 'postlint' ]
5 info prelint mdor@0.0.1
6 info lint mdor@0.0.1
7 verbose unsafe-perm in lifecycle true
8 info mdor@0.0.1 Failed to exec lint script
9 error mdor@0.0.1 lint: `eslint index.js playground/Playground.js src/**/*.js`
9 error Exit status 1
10 error Failed at the mdor@0.0.1 lint script.
10 error This is most likely a problem with the mdor package,
10 error not with npm itself.
10 error Tell the author that this fails on your system:
10 error     eslint index.js playground/Playground.js src/**/*.js
10 error You can get their info via:
10 error     npm owner ls mdor
10 error There is likely additional logging output above.
11 error System Darwin 14.1.0
12 error command "/Users/cjhuang/.nvm/v0.10.36/bin/node" "/Users/cjhuang/.nvm/v0.10.36/bin/npm" "run" "lint"
13 error cwd /Users/cjhuang/workspace/node/mdor
14 error node -v v0.10.36
15 error npm -v 1.4.28
16 error code ELIFECYCLE
17 verbose exit [ 1, true ]
